2024-06-26T11:10:23.348Z [info]: MongoDB connected
2024-06-26T11:10:34.753Z [info]: MongoDB connected
2024-06-26T11:10:37.468Z [info]: MongoDB connected
2024-06-26T11:11:31.313Z [info]: Server running on port 5000
2024-06-26T11:11:32.394Z [info]: MongoDB connected
2024-06-26T11:14:07.887Z [info]: Server running on port 5000
2024-06-26T11:14:09.028Z [info]: MongoDB connected
2024-06-26T11:16:27.738Z [info]: Server running on port 5000
2024-06-26T11:16:28.792Z [info]: MongoDB connected
2024-06-26T11:21:05.109Z [info]: Server running on port 5000
2024-06-26T11:21:06.270Z [info]: MongoDB connected
2024-06-26T11:21:10.526Z [info]: Server running on port 5000
2024-06-26T11:21:11.523Z [info]: MongoDB connected
2024-06-26T11:21:20.271Z [info]: Server running on port 5000
2024-06-26T11:21:21.304Z [info]: MongoDB connected
2024-06-26T11:22:17.907Z [INFO]: Server running on port 5000
2024-06-26T11:22:18.986Z [INFO]: MongoDB connected
2024-06-26T11:22:58.177Z [INFO]: Server running on port 5000
2024-06-26T11:22:59.147Z [INFO]: MongoDB connected
2024-06-26T11:23:11.356Z [INFO]: Server running on port 5000
2024-06-26T11:23:15.155Z [INFO]: Server running on port 5000
2024-06-26T11:23:16.257Z [INFO]: MongoDB connected
2024-06-26T11:23:23.085Z [INFO]: Server running on port 5000
2024-06-26T11:23:24.188Z [INFO]: MongoDB connected
2024-06-26T11:24:42.072Z [INFO]: Server running on port 5000
2024-06-26T11:24:43.168Z [INFO]: MongoDB connected
2024-06-26T11:24:57.332Z [INFO]: Server running on port 5000
2024-06-26T11:24:58.270Z [INFO]: MongoDB connected
2024-06-26T11:25:37.289Z [INFO]: Server running on port 5000
2024-06-26T11:25:38.242Z [INFO]: MongoDB connected
2024-06-26T11:25:56.270Z [INFO]: Server running on port 5000
2024-06-26T11:25:57.262Z [INFO]: MongoDB connected
2024-06-26T11:26:24.545Z [INFO]: Server running on port 5000
2024-06-26T11:26:25.599Z [INFO]: MongoDB connected
2024-06-26T11:27:03.143Z [INFO]: Server running on port 5000
2024-06-26T11:27:04.154Z [INFO]: MongoDB connected
2024-06-26T11:27:05.128Z [INFO]: Server running on port 5000
2024-06-26T11:27:06.129Z [INFO]: MongoDB connected
2024-06-26T11:29:57.752Z [INFO]: Server running on port 5000
2024-06-26T11:29:58.836Z [INFO]: Server running on port 5000
2024-06-26T11:29:59.827Z [INFO]: MongoDB connected
2024-06-26T11:30:08.529Z [INFO]: Server running on port 5000
2024-06-26T11:30:09.474Z [INFO]: MongoDB connected
2024-06-26T11:30:10.326Z [INFO]: Server running on port 5000
2024-06-26T11:30:11.342Z [INFO]: MongoDB connected
2024-06-26T11:40:08.565Z [INFO]: Server running on port 5000
2024-06-26T11:40:09.719Z [INFO]: MongoDB connected
2024-06-26T11:40:17.237Z [INFO]: Server running on port 5000
2024-06-26T11:40:18.165Z [INFO]: MongoDB connected
2024-06-26T11:42:00.763Z [INFO]: Server running on port 5000
2024-06-26T11:42:01.772Z [INFO]: Server running on port 5000
2024-06-26T11:42:03.005Z [INFO]: Server running on port 5000
2024-06-26T11:42:04.025Z [INFO]: MongoDB connected
2024-06-26T11:42:24.221Z [INFO]: Server running on port 5000
2024-06-26T11:42:25.165Z [INFO]: MongoDB connected
2024-06-26T11:42:33.176Z [INFO]: Server running on port 5000
2024-06-26T11:42:34.595Z [INFO]: Server running on port 5000
2024-06-26T11:42:35.560Z [INFO]: MongoDB connected
2024-06-26T11:42:49.087Z [INFO]: Server running on port 5000
2024-06-26T11:42:49.989Z [INFO]: MongoDB connected
2024-06-26T11:43:09.022Z [INFO]: Server running on port 5000
2024-06-26T11:43:10.102Z [INFO]: Server running on port 5000
2024-06-26T11:43:11.226Z [INFO]: MongoDB connected
2024-06-26T11:43:32.261Z [INFO]: Server running on port 5000
2024-06-26T11:43:33.389Z [INFO]: MongoDB connected
2024-06-26T11:44:38.436Z [INFO]: Server running on port 5000
2024-06-26T11:44:39.476Z [INFO]: MongoDB connected
2024-06-26T11:46:11.198Z [INFO]: Server running on port 5000
2024-06-26T11:46:12.191Z [INFO]: MongoDB connected
2024-06-26T11:46:19.769Z [INFO]: Server running on port 5000
2024-06-26T11:46:20.879Z [INFO]: MongoDB connected
2024-06-26T11:46:44.927Z [INFO]: Server running on port 5000
2024-06-26T11:46:45.991Z [INFO]: MongoDB connected
2024-06-26T11:50:42.406Z [INFO]: Server running on port 5000
2024-06-26T11:50:48.516Z [INFO]: Server running on port 5000
2024-06-26T11:50:49.526Z [INFO]: MongoDB connected
2024-06-26T11:51:01.907Z [INFO]: Server running on port 5000
2024-06-26T11:51:02.885Z [INFO]: MongoDB connected
2024-06-26T11:51:19.589Z [INFO]: Server running on port 5000
2024-06-26T11:51:20.568Z [INFO]: MongoDB connected
2024-06-26T11:53:40.404Z [INFO]: Server running on port 5000
2024-06-26T11:53:41.602Z [INFO]: MongoDB connected
2024-06-26T11:53:44.085Z [INFO]: Server running on port 5000
2024-06-26T11:53:45.089Z [INFO]: MongoDB connected
2024-06-26T11:53:48.533Z [INFO]: Server running on port 5000
2024-06-26T11:53:49.511Z [INFO]: MongoDB connected
2024-06-26T11:54:02.201Z [INFO]: Server running on port 5000
2024-06-26T11:54:03.242Z [INFO]: MongoDB connected
2024-06-26T11:54:15.808Z [INFO]: Server running on port 5000
2024-06-26T11:54:16.885Z [INFO]: MongoDB connected
2024-06-26T11:54:24.006Z [INFO]: Server running on port 5000
2024-06-26T11:54:24.989Z [INFO]: MongoDB connected
2024-06-26T11:54:50.220Z [INFO]: Server running on port 5000
2024-06-26T11:54:51.349Z [INFO]: MongoDB connected
2024-06-26T11:55:10.765Z [INFO]: Server running on port 5000
2024-06-26T11:55:11.764Z [INFO]: MongoDB connected
2024-06-26T11:55:15.423Z [INFO]: Server running on port 5000
2024-06-26T11:55:16.526Z [INFO]: MongoDB connected
2024-06-26T11:55:18.922Z [INFO]: Server running on port 5000
2024-06-26T11:55:19.860Z [INFO]: MongoDB connected
2024-06-26T11:55:59.529Z [INFO]: Server running on port 5000
2024-06-26T11:56:00.683Z [INFO]: MongoDB connected
2024-06-26T11:56:14.889Z [INFO]: Server running on port 5000
2024-06-26T11:56:15.818Z [INFO]: MongoDB connected
2024-06-26T11:56:16.841Z [INFO]: Server running on port 5000
2024-06-26T11:56:17.975Z [INFO]: Server running on port 5000
2024-06-26T11:56:18.979Z [INFO]: MongoDB connected
2024-06-26T11:56:25.266Z [INFO]: Server running on port 5000
2024-06-26T11:56:26.215Z [INFO]: MongoDB connected
2024-06-26T11:56:47.914Z [INFO]: Server running on port 5000
2024-06-26T11:56:48.910Z [INFO]: MongoDB connected
2024-06-26T11:56:54.785Z [INFO]: Server running on port 5000
2024-06-26T11:56:55.746Z [INFO]: MongoDB connected
2024-06-26T11:56:59.361Z [INFO]: Server running on port 5000
2024-06-26T11:57:00.500Z [INFO]: MongoDB connected
2024-06-26T11:58:21.948Z [INFO]: Status Code: 200
2024-06-26T11:58:21.949Z [INFO]: Response Time: 2164ms
2024-06-26T11:58:21.950Z [INFO]: Website check completed for URL: https://tecadmin.net/install-nodejs-with-nvm/
2024-06-26T11:58:22.045Z [INFO]: URL entry updated for URL: https://tecadmin.net/install-nodejs-with-nvm/ and email: sukh.singhlotey@gmail.com
2024-06-26T11:58:24.773Z [INFO]: Email sent to sukh.singhlotey@gmail.com with subject: Website Check Result for https://tecadmin.net/install-nodejs-with-nvm/
2024-06-26T11:59:44.442Z [INFO]: Status Code: 200
2024-06-26T11:59:44.442Z [INFO]: Response Time: 477ms
2024-06-26T11:59:44.443Z [INFO]: Website check completed for URL: https://www.instagram.com/
2024-06-26T11:59:44.536Z [INFO]: New URL entry created for URL: https://www.instagram.com/ and email: sukh.singhlotey@gmail.com
2024-06-26T11:59:47.020Z [INFO]: Email sent to sukh.singhlotey@gmail.com with subject: Website Check Result for https://www.instagram.com/
2024-06-26T12:07:32.775Z [INFO]: Server running on port 5000
2024-06-26T12:07:34.025Z [INFO]: MongoDB connected
2024-06-26T12:07:39.163Z [INFO]: Server running on port 5000
2024-06-26T12:07:40.215Z [INFO]: MongoDB connected
2024-06-26T12:07:43.746Z [INFO]: Server running on port 5000
2024-06-26T12:07:44.815Z [INFO]: MongoDB connected
2024-06-26T12:07:52.787Z [INFO]: Server running on port 5000
2024-06-26T12:07:53.794Z [INFO]: MongoDB connected
2024-06-26T12:07:54.682Z [INFO]: Server running on port 5000
2024-06-26T12:07:55.630Z [INFO]: Server running on port 5000
2024-06-26T12:07:57.446Z [INFO]: Server running on port 5000
2024-06-26T12:07:58.523Z [INFO]: MongoDB connected
2024-06-26T12:08:24.883Z [INFO]: Server running on port 5000
2024-06-26T12:08:25.925Z [INFO]: MongoDB connected
2024-06-26T12:08:36.207Z [INFO]: Server running on port 5000
2024-06-26T12:08:37.204Z [INFO]: Server running on port 5000
2024-06-26T12:08:38.564Z [INFO]: Server running on port 5000
2024-06-26T12:08:39.539Z [INFO]: MongoDB connected
2024-06-26T12:08:41.759Z [INFO]: Server running on port 5000
2024-06-26T12:08:42.737Z [INFO]: MongoDB connected
2024-06-26T12:08:46.639Z [INFO]: Server running on port 5000
2024-06-26T12:08:47.610Z [INFO]: MongoDB connected
2024-06-26T12:08:50.975Z [INFO]: Server running on port 5000
2024-06-26T12:08:51.994Z [INFO]: MongoDB connected
2024-06-26T12:50:12.186Z [INFO]: Status Code: 200
2024-06-26T12:50:12.190Z [INFO]: Response Time: 507ms
2024-06-26T12:50:12.190Z [INFO]: Website check completed for URL: https://www.instagram.com/
2024-06-26T12:50:12.301Z [INFO]: URL entry updated for URL: https://www.instagram.com/ and email: sukh.singhlotey@gmail.com
2024-06-26T12:50:15.847Z [INFO]: Email sent to sukh.singhlotey@gmail.com with subject: Website Check Result for https://www.instagram.com/
2024-06-26T12:54:27.366Z [INFO]: Status Code: 200
2024-06-26T12:54:27.366Z [INFO]: Response Time: 532ms
2024-06-26T12:54:27.367Z [INFO]: Website check completed for URL: https://www.instagram.com/
2024-06-26T12:54:27.456Z [INFO]: URL entry updated for URL: https://www.instagram.com/ and email: sukh.singhlotey@gmail.com
2024-06-26T12:54:30.663Z [INFO]: Email sent to sukh.singhlotey@gmail.com with subject: Website Check Result for https://www.instagram.com/
2024-06-26T12:54:36.971Z [INFO]: Status Code: 200
2024-06-26T12:54:36.971Z [INFO]: Response Time: 465ms
2024-06-26T12:54:36.971Z [INFO]: Website check completed for URL: https://www.instagram.com/
2024-06-26T12:54:37.056Z [INFO]: URL entry updated for URL: https://www.instagram.com/ and email: sukh.singhlotey@gmail.com
2024-06-26T12:54:40.487Z [INFO]: Email sent to sukh.singhlotey@gmail.com with subject: Website Check Result for https://www.instagram.com/
2024-06-26T12:54:45.098Z [INFO]: Status Code: 200
2024-06-26T12:54:45.098Z [INFO]: Response Time: 479ms
2024-06-26T12:54:45.099Z [INFO]: Website check completed for URL: https://www.instagram.com/
2024-06-26T12:54:45.185Z [INFO]: URL entry updated for URL: https://www.instagram.com/ and email: sukh.singhlotey@gmail.com
2024-06-26T12:54:47.789Z [INFO]: Email sent to sukh.singhlotey@gmail.com with subject: Website Check Result for https://www.instagram.com/
2024-06-26T12:54:53.747Z [INFO]: Status Code: 200
2024-06-26T12:54:53.747Z [INFO]: Response Time: 533ms
2024-06-26T12:54:53.748Z [INFO]: Website check completed for URL: https://www.instagram.com/
2024-06-26T12:54:53.831Z [INFO]: URL entry updated for URL: https://www.instagram.com/ and email: sukh.singhlotey@gmail.com
2024-06-26T12:54:57.781Z [INFO]: Email sent to sukh.singhlotey@gmail.com with subject: Website Check Result for https://www.instagram.com/
2024-06-26T12:55:04.004Z [INFO]: Status Code: 200
2024-06-26T12:55:04.005Z [INFO]: Response Time: 945ms
2024-06-26T12:55:04.005Z [INFO]: Website check completed for URL: https://www.instagram.com/
2024-06-26T12:55:04.089Z [INFO]: URL entry updated for URL: https://www.instagram.com/ and email: sukh.singhlotey@gmail.com
2024-06-26T12:55:06.756Z [INFO]: Email sent to sukh.singhlotey@gmail.com with subject: Website Check Result for https://www.instagram.com/
2024-06-26T12:55:14.947Z [INFO]: Status Code: 200
2024-06-26T12:55:14.948Z [INFO]: Response Time: 453ms
2024-06-26T12:55:14.948Z [INFO]: Website check completed for URL: https://www.instagram.com/
2024-06-26T12:55:15.032Z [INFO]: URL entry updated for URL: https://www.instagram.com/ and email: sukh.singhlotey@gmail.com
2024-06-26T12:55:17.728Z [INFO]: Email sent to sukh.singhlotey@gmail.com with subject: Website Check Result for https://www.instagram.com/
2024-06-26T12:56:56.976Z [ERROR]: Error fetching https://ww.instagram.com/: getaddrinfo EAI_AGAIN ww.instagram.com
2024-06-26T12:56:56.977Z [INFO]: Website check completed for URL: https://ww.instagram.com/
2024-06-26T12:56:57.062Z [INFO]: New URL entry created for URL: https://ww.instagram.com/ and email: sukh.singhlotey@gmail.com
2024-06-26T12:56:59.635Z [INFO]: Email sent to sukh.singhlotey@gmail.com with subject: Website Check Result for https://ww.instagram.com/
2024-06-26T12:57:20.758Z [INFO]: Status Code: 200
2024-06-26T12:57:20.758Z [INFO]: Response Time: 830ms
2024-06-26T12:57:20.758Z [INFO]: Website check completed for URL: https://www.instagram.com/
2024-06-26T12:57:20.842Z [INFO]: URL entry updated for URL: https://www.instagram.com/ and email: sukh.singhlotey@gmail.com
2024-06-26T12:57:23.359Z [INFO]: Email sent to sukh.singhlotey@gmail.com with subject: Website Check Result for https://www.instagram.com/
2024-06-26T13:12:13.657Z [INFO]: Server running on port 5000
2024-06-26T13:12:14.878Z [INFO]: MongoDB connected
2024-06-26T13:13:23.243Z [INFO]: Server running on port 5000
2024-06-26T13:13:24.900Z [INFO]: MongoDB connected
2024-06-26T13:14:00.791Z [INFO]: Server running on port 5000
2024-06-26T13:14:01.787Z [INFO]: MongoDB connected
2024-06-26T13:14:35.824Z [ERROR]: Error fetching https://www.linkedin.com/in/sukhpreetlotey/: Request failed with status code 999
2024-06-26T13:14:35.825Z [INFO]: Website check completed for URL: https://www.linkedin.com/in/sukhpreetlotey/
2024-06-26T13:14:35.940Z [INFO]: URL entry updated for URL: https://www.linkedin.com/in/sukhpreetlotey/ and email: sukh.singhlotey@gmail.com
2024-06-26T13:14:39.410Z [INFO]: Email sent to sukh.singhlotey@gmail.com with subject: Website Check Result for https://www.linkedin.com/in/sukhpreetlotey/
2024-06-26T13:15:10.474Z [INFO]: Status Code: 200
2024-06-26T13:15:10.475Z [INFO]: Response Time: 845ms
2024-06-26T13:15:10.475Z [INFO]: Website check completed for URL: https://www.linkedin.com/
2024-06-26T13:15:10.570Z [INFO]: New URL entry created for URL: https://www.linkedin.com/ and email: sukh.singhlotey@gmail.com
2024-06-26T13:15:13.104Z [INFO]: Email sent to sukh.singhlotey@gmail.com with subject: Website Check Result for https://www.linkedin.com/
2024-06-26T13:20:18.598Z [INFO]: Server running on port 5000
2024-06-26T13:20:19.620Z [INFO]: MongoDB connected
2024-06-26T13:20:47.973Z [INFO]: User logged in: sukh.singhlotey@gmail.com
2024-06-26T13:24:31.985Z [INFO]: New user created: simardezweb@gmail.com
2024-06-26T13:24:53.816Z [INFO]: Status Code: 200
2024-06-26T13:24:53.817Z [INFO]: Response Time: 361ms
2024-06-26T13:24:53.817Z [INFO]: Website check completed for URL: https://www.nasa.gov/
2024-06-26T13:24:53.912Z [INFO]: New URL entry created for URL: https://www.nasa.gov/ and email: simardezweb@gmail.com
2024-06-26T13:24:56.619Z [INFO]: Email sent to simardezweb@gmail.com with subject: Website Check Result for https://www.nasa.gov/
2024-06-26T13:25:53.777Z [INFO]: User logged in: sukh.singhlotey@gmail.com
2024-06-26T13:27:19.343Z [INFO]: Server running on port 5000
2024-06-26T13:27:20.448Z [INFO]: MongoDB connected
2024-06-26T13:27:24.291Z [INFO]: Server running on port 5000
2024-06-26T13:27:25.966Z [INFO]: Server running on port 5000
2024-06-26T13:27:27.564Z [INFO]: Server running on port 5000
2024-06-26T13:27:28.591Z [INFO]: MongoDB connected
2024-06-26T13:39:40.239Z [INFO]: User logged in: sukh.singhlotey@gmail.com
